<?xml version="1.0" encoding="UTF-8"?>
<!-- Generated by org.testng.reporters.JUnitReportReporter -->
<testsuite hostname="MAVBCP3203" failures="0" tests="2" name="uitest.RecorderScript" time="61.892" errors="0" timestamp="2021-09-15T16:33:15 IST" skipped="0">
  <testcase classname="uitest.RecorderScript" name="testParameterWithXML" time="39.421"/>
  <system-out/>
  <testcase classname="uitest.RecorderScript" name="testParameterWithXML" time="22.471"/>
  <system-out/>
</testsuite> <!-- uitest.RecorderScript -->
