<?xml version="1.0" encoding="UTF-8"?>
<!-- Generated by org.testng.reporters.JUnitReportReporter -->
<testsuite hostname="MAVBCP3203" failures="0" tests="1" name="Demo" time="21.711" errors="0" timestamp="2021-09-14T13:46:23 IST" skipped="0">
  <testcase classname="Demo" name="TestMethod" time="21.711"/>
  <system-out/>
</testsuite> <!-- Demo -->
