<?xml version="1.0" encoding="UTF-8"?>
<!-- Generated by org.testng.reporters.JUnitReportReporter -->
<testsuite hostname="MAVBCP3203" failures="0" tests="2" name="uitest.CrossBrowserScript" time="28.462" errors="0" timestamp="2021-09-15T14:37:29 IST" skipped="0">
  <testcase classname="uitest.CrossBrowserScript" name="testParameterWithXML" time="15.393"/>
  <system-out/>
  <testcase classname="uitest.CrossBrowserScript" name="testParameterWithXML" time="13.069"/>
  <system-out/>
</testsuite> <!-- uitest.CrossBrowserScript -->
