<?xml version="1.0" encoding="UTF-8"?>
<!-- Generated by org.testng.reporters.JUnitReportReporter -->
<testsuite hostname="MAVBCP3203" failures="0" tests="1" name="com.wordpress.VerifyWordpressLogin" time="24.431" errors="0" timestamp="2021-09-15T10:20:01 IST" skipped="0">
  <testcase classname="com.wordpress.VerifyWordpressLogin" name="verifyValidLogin" time="24.431"/>
  <system-out/>
</testsuite> <!-- com.wordpress.VerifyWordpressLogin -->
