<?xml version="1.0" encoding="UTF-8"?>
<!-- Generated by org.testng.reporters.JUnitReportReporter -->
<testsuite skipped="0" hostname="MAVBCP3203" name="uitest.RecorderScript" tests="2" failures="0" timestamp="2021-09-17T12:18:14 IST" time="41.139" errors="0">
  <testcase name="testParameterWithXML" time="20.607" classname="uitest.RecorderScript"/>
  <system-out/>
  <testcase name="testParameterWithXML" time="20.532" classname="uitest.RecorderScript"/>
  <system-out/>
</testsuite> <!-- uitest.RecorderScript -->
